<?xml version='1.0' encoding='UTF-8'?>
<testsuite hostname="abiolas-xps" name="CorrectnessTests" tests="5" errors="0" failures="1" skipped="4" time="3.686" timestamp="2022-04-13T22:00:40">
          <properties>
[...]
</properties>
          <testcase classname="CorrectnessTests" name="Counting Number of Vertices" time="-0.001">
                      <skipped/>
                    </testcase><testcase classname="CorrectnessTests" name="Correctness of mmMapper" time="-0.001">
                      <skipped/>
                    </testcase><testcase classname="CorrectnessTests" name="Correctness of mmReducer: value &gt; 0" time="-0.001">
                      <skipped/>
                    </testcase><testcase classname="CorrectnessTests" name="Correctness of mmReducer: value = 0" time="-0.001">
                      <skipped/>
                    </testcase><testcase classname="CorrectnessTests" name="Correct 4-hop neighbors for a ring of size 4" time="3.69">
                      <failure type="java.lang.IllegalArgumentException">java.lang.IllegalArgumentException
	at org.apache.xbean.asm5.ClassReader.&lt;init&gt;(Unknown Source)
	at org.apache.xbean.asm5.ClassReader.&lt;init&gt;(Unknown Source)
	at org.apache.xbean.asm5.ClassReader.&lt;init&gt;(Unknown Source)
	at org.apache.spark.util.ClosureCleaner$.getClassReader(ClosureCleaner.scala:46)
	at org.apache.spark.util.FieldAccessFinder$$anon$3$$anonfun$visitMethodInsn$2.apply(ClosureCleaner.scala:449)
	at org.apache.spark.util.FieldAccessFinder$$anon$3$$anonfun$visitMethodInsn$2.apply(ClosureCleaner.scala:432)
	at scala.collection.TraversableLike$WithFilter$$anonfun$foreach$1.apply(TraversableLike.scala:733)
	at scala.collection.mutable.HashMap$$anon$1$$anonfun$foreach$2.apply(HashMap.scala:134)
	at scala.collection.mutable.HashMap$$anon$1$$anonfun$foreach$2.apply(HashMap.scala:134)
	at scala.collection.mutable.HashTable$class.foreachEntry(HashTable.scala:236)
	at scala.collection.mutable.HashMap.foreachEntry(HashMap.scala:40)
	at scala.collection.mutable.HashMap$$anon$1.foreach(HashMap.scala:134)
	at scala.collection.TraversableLike$WithFilter.foreach(TraversableLike.scala:732)
	at org.apache.spark.util.FieldAccessFinder$$anon$3.visitMethodInsn(ClosureCleaner.scala:432)
	at org.apache.xbean.asm5.ClassReader.a(Unknown Source)
	at org.apache.xbean.asm5.ClassReader.b(Unknown Source)
	at org.apache.xbean.asm5.ClassReader.accept(Unknown Source)
	at org.apache.xbean.asm5.ClassReader.accept(Unknown Source)
	at org.apache.spark.util.ClosureCleaner$$anonfun$org$apache$spark$util$ClosureCleaner$$clean$14.apply(ClosureCleaner.scala:262)
	at org.apache.spark.util.ClosureCleaner$$anonfun$org$apache$spark$util$ClosureCleaner$$clean$14.apply(ClosureCleaner.scala:261)
	at scala.collection.immutable.List.foreach(List.scala:392)
	at org.apache.spark.util.ClosureCleaner$.org$apache$spark$util$ClosureCleaner$$clean(ClosureCleaner.scala:261)
	at org.apache.spark.util.ClosureCleaner$.clean(ClosureCleaner.scala:159)
	at org.apache.spark.SparkContext.clean(SparkContext.scala:2299)
	at org.apache.spark.rdd.PairRDDFunctions$$anonfun$combineByKeyWithClassTag$1.apply(PairRDDFunctions.scala:88)
	at org.apache.spark.rdd.PairRDDFunctions$$anonfun$combineByKeyWithClassTag$1.apply(PairRDDFunctions.scala:77)
	at org.apache.spark.rdd.RDDOperationScope$.withScope(RDDOperationScope.scala:151)
	at org.apache.spark.rdd.RDDOperationScope$.withScope(RDDOperationScope.scala:112)
	at org.apache.spark.rdd.RDD.withScope(RDD.scala:363)
	at org.apache.spark.rdd.PairRDDFunctions.combineByKeyWithClassTag(PairRDDFunctions.scala:77)
	at org.apache.spark.rdd.PairRDDFunctions$$anonfun$groupByKey$1.apply(PairRDDFunctions.scala:505)
	at org.apache.spark.rdd.PairRDDFunctions$$anonfun$groupByKey$1.apply(PairRDDFunctions.scala:498)
	at org.apache.spark.rdd.RDDOperationScope$.withScope(RDDOperationScope.scala:151)
	at org.apache.spark.rdd.RDDOperationScope$.withScope(RDDOperationScope.scala:112)
	at org.apache.spark.rdd.RDD.withScope(RDD.scala:363)
	at org.apache.spark.rdd.PairRDDFunctions.groupByKey(PairRDDFunctions.scala:498)
	at org.apache.spark.rdd.PairRDDFunctions$$anonfun$groupByKey$3.apply(PairRDDFunctions.scala:641)
	at org.apache.spark.rdd.PairRDDFunctions$$anonfun$groupByKey$3.apply(PairRDDFunctions.scala:641)
	at org.apache.spark.rdd.RDDOperationScope$.withScope(RDDOperationScope.scala:151)
	at org.apache.spark.rdd.RDDOperationScope$.withScope(RDDOperationScope.scala:112)
	at org.apache.spark.rdd.RDD.withScope(RDD.scala:363)
	at org.apache.spark.rdd.PairRDDFunctions.groupByKey(PairRDDFunctions.scala:640)
	at FourHops$.matrixMultiply(FourHops.scala:120)
	at CorrectnessTests$$anonfun$5.apply(CorrectnessTests.scala:53)
	at CorrectnessTests$$anonfun$5.apply(CorrectnessTests.scala:49)
	at org.scalatest.OutcomeOf$class.outcomeOf(OutcomeOf.scala:85)
	at org.scalatest.OutcomeOf$.outcomeOf(OutcomeOf.scala:104)
	at org.scalatest.Transformer.apply(Transformer.scala:22)
	at org.scalatest.Transformer.apply(Transformer.scala:20)
	at org.scalatest.FunSuiteLike$$anon$1.apply(FunSuiteLike.scala:186)
	at org.scalatest.TestSuite$class.withFixture(TestSuite.scala:196)
	at org.scalatest.FunSuite.withFixture(FunSuite.scala:1560)
	at org.scalatest.FunSuiteLike$class.invokeWithFixture$1(FunSuiteLike.scala:183)
	at org.scalatest.FunSuiteLike$$anonfun$runTest$1.apply(FunSuiteLike.scala:196)
	at org.scalatest.FunSuiteLike$$anonfun$runTest$1.apply(FunSuiteLike.scala:196)
	at org.scalatest.SuperEngine.runTestImpl(Engine.scala:286)
	at org.scalatest.FunSuiteLike$class.runTest(FunSuiteLike.scala:196)
	at org.scalatest.FunSuite.runTest(FunSuite.scala:1560)
	at org.scalatest.FunSuiteLike$$anonfun$runTests$1.apply(FunSuiteLike.scala:229)
	at org.scalatest.FunSuiteLike$$anonfun$runTests$1.apply(FunSuiteLike.scala:229)
	at org.scalatest.SuperEngine$$anonfun$traverseSubNodes$1$1.apply(Engine.scala:393)
	at org.scalatest.SuperEngine$$anonfun$traverseSubNodes$1$1.apply(Engine.scala:381)
	at scala.collection.immutable.List.foreach(List.scala:392)
	at org.scalatest.SuperEngine.traverseSubNodes$1(Engine.scala:381)
	at org.scalatest.SuperEngine.org$scalatest$SuperEngine$$runTestsInBranch(Engine.scala:376)
	at org.scalatest.SuperEngine.runTestsImpl(Engine.scala:458)
	at org.scalatest.FunSuiteLike$class.runTests(FunSuiteLike.scala:229)
	at org.scalatest.FunSuite.runTests(FunSuite.scala:1560)
	at org.scalatest.Suite$class.run(Suite.scala:1124)
	at org.scalatest.FunSuite.org$scalatest$FunSuiteLike$$super$run(FunSuite.scala:1560)
	at org.scalatest.FunSuiteLike$$anonfun$run$1.apply(FunSuiteLike.scala:233)
	at org.scalatest.FunSuiteLike$$anonfun$run$1.apply(FunSuiteLike.scala:233)
	at org.scalatest.SuperEngine.runImpl(Engine.scala:518)
	at org.scalatest.FunSuiteLike$class.run(FunSuiteLike.scala:233)
	at CorrectnessTests.org$scalatest$BeforeAndAfterAll$$super$run(CorrectnessTests.scala:7)
	at org.scalatest.BeforeAndAfterAll$class.liftedTree1$1(BeforeAndAfterAll.scala:213)
	at org.scalatest.BeforeAndAfterAll$class.run(BeforeAndAfterAll.scala:210)
	at CorrectnessTests.run(CorrectnessTests.scala:7)
	at org.scalatest.tools.Framework.org$scalatest$tools$Framework$$runSuite(Framework.scala:317)
	at org.scalatest.tools.Framework$ScalaTestTask.execute(Framework.scala:483)
	at sbt.TestRunner.runTest$1(TestFramework.scala:146)
	at sbt.TestRunner.run(TestFramework.scala:161)
	at sbt.TestFramework$$anon$3$$anonfun$$lessinit$greater$1.$anonfun$apply$1(TestFramework.scala:324)
	at sbt.TestFramework$.sbt$TestFramework$$withContextLoader(TestFramework.scala:284)
	at sbt.TestFramework$$anon$3$$anonfun$$lessinit$greater$1.apply(TestFramework.scala:324)
	at sbt.TestFramework$$anon$3$$anonfun$$lessinit$greater$1.apply(TestFramework.scala:324)
	at sbt.TestFunction.apply(TestFramework.scala:336)
	at sbt.Tests$.$anonfun$toTask$1(Tests.scala:435)
	at sbt.std.Transform$$anon$3.$anonfun$apply$2(Transform.scala:46)
	at sbt.std.Transform$$anon$4.work(Transform.scala:68)
	at sbt.Execute.$anonfun$submit$2(Execute.scala:282)
	at sbt.internal.util.ErrorHandling$.wideConvert(ErrorHandling.scala:23)
	at sbt.Execute.work(Execute.scala:291)
	at sbt.Execute.$anonfun$submit$1(Execute.scala:282)
	at sbt.ConcurrentRestrictions$$anon$4.$anonfun$submitValid$1(ConcurrentRestrictions.scala:265)
	at sbt.CompletionService$$anon$2.call(CompletionService.scala:64)
	at java.base/java.util.concurrent.FutureTask.run(FutureTask.java:264)
	at java.base/java.util.concurrent.Executors$RunnableAdapter.call(Executors.java:515)
	at java.base/java.util.concurrent.FutureTask.run(FutureTask.java:264)
	at java.base/java.util.concurrent.ThreadPoolExecutor.runWorker(ThreadPoolExecutor.java:1128)
	at java.base/java.util.concurrent.ThreadPoolExecutor$Worker.run(ThreadPoolExecutor.java:628)
	at java.base/java.lang.Thread.run(Thread.java:829)
</failure>
                    </testcase>
          <system-out><![CDATA[]]></system-out>
          <system-err><![CDATA[]]></system-err>
        </testsuite>