[0m[[0m[0mdebug[0m] [0m[0mRunning TaskDef(CorrectnessTests, org.scalatest.tools.Framework$$anon$1@7103e78c, false, [SuiteSelector])[0m
[0m[[0m[0minfo[0m] [0m[0m[32mCorrectnessTests:[0m[0m
[0m[[0m[0minfo[0m] [0m[0m[33m- Counting Number of Vertices !!! IGNORED !!![0m[0m
[0m[[0m[0minfo[0m] [0m[0m[33m- Correctness of mmMapper !!! IGNORED !!![0m[0m
[0m[[0m[0minfo[0m] [0m[0m[33m- Correctness of mmReducer: value > 0 !!! IGNORED !!![0m[0m
[0m[[0m[0minfo[0m] [0m[0m[33m- Correctness of mmReducer: value = 0 !!! IGNORED !!![0m[0m
[0m[[0m[0minfo[0m] [0m[0m[31m- Correct 4-hop neighbors for a ring of size 4 *** FAILED ***[0m[0m
[0m[[0m[0minfo[0m] [0m[0m[31m  java.lang.IllegalArgumentException:[0m[0m
[0m[[0m[0minfo[0m] [0m[0m[31m  at org.apache.xbean.asm5.ClassReader.<init>(Unknown Source)[0m[0m
[0m[[0m[0minfo[0m] [0m[0m[31m  at org.apache.xbean.asm5.ClassReader.<init>(Unknown Source)[0m[0m
[0m[[0m[0minfo[0m] [0m[0m[31m  at org.apache.xbean.asm5.ClassReader.<init>(Unknown Source)[0m[0m
[0m[[0m[0minfo[0m] [0m[0m[31m  at org.apache.spark.util.ClosureCleaner$.getClassReader(ClosureCleaner.scala:46)[0m[0m
[0m[[0m[0minfo[0m] [0m[0m[31m  at org.apache.spark.util.FieldAccessFinder$$anon$3$$anonfun$visitMethodInsn$2.apply(ClosureCleaner.scala:449)[0m[0m
[0m[[0m[0minfo[0m] [0m[0m[31m  at org.apache.spark.util.FieldAccessFinder$$anon$3$$anonfun$visitMethodInsn$2.apply(ClosureCleaner.scala:432)[0m[0m
[0m[[0m[0minfo[0m] [0m[0m[31m  at scala.collection.TraversableLike$WithFilter$$anonfun$foreach$1.apply(TraversableLike.scala:733)[0m[0m
[0m[[0m[0minfo[0m] [0m[0m[31m  at scala.collection.mutable.HashMap$$anon$1$$anonfun$foreach$2.apply(HashMap.scala:134)[0m[0m
[0m[[0m[0minfo[0m] [0m[0m[31m  at scala.collection.mutable.HashMap$$anon$1$$anonfun$foreach$2.apply(HashMap.scala:134)[0m[0m
[0m[[0m[0minfo[0m] [0m[0m[31m  at scala.collection.mutable.HashTable$class.foreachEntry(HashTable.scala:236)[0m[0m
[0m[[0m[0minfo[0m] [0m[0m[31m  ...[0m[0m
[0m[[0m[0minfo[0m] [0m[0m[36mRun completed in 2 seconds, 844 milliseconds.[0m[0m
[0m[[0m[0minfo[0m] [0m[0m[36mTotal number of tests run: 1[0m[0m
[0m[[0m[0minfo[0m] [0m[0m[36mSuites: completed 1, aborted 0[0m[0m
[0m[[0m[0minfo[0m] [0m[0m[36mTests: succeeded 0, failed 1, canceled 0, ignored 4, pending 0[0m[0m
[0m[[0m[0minfo[0m] [0m[0m[31m*** 1 TEST FAILED ***[0m[0m
[0m[[0m[31merror[0m] [0m[0mFailed tests:[0m
[0m[[0m[31merror[0m] [0m[0m	CorrectnessTests[0m
[0m[[0m[31merror[0m] [0m[0m(Test / [31mtest[0m) sbt.TestsFailedException: Tests unsuccessful[0m
