[0m[[0m[31merror[0m] [0m[0mjava.lang.ExceptionInInitializerError[0m
[0m[[0m[31merror[0m] [0m[0m	at org.apache.spark.SparkConf$.<init>(SparkConf.scala:668)[0m
[0m[[0m[31merror[0m] [0m[0m	at org.apache.spark.SparkConf$.<clinit>(SparkConf.scala)[0m
[0m[[0m[31merror[0m] [0m[0m	at org.apache.spark.SparkConf.set(SparkConf.scala:94)[0m
[0m[[0m[31merror[0m] [0m[0m	at org.apache.spark.SparkConf.set(SparkConf.scala:83)[0m
[0m[[0m[31merror[0m] [0m[0m	at org.apache.spark.sql.SparkSession$Builder$$anonfun$7$$anonfun$apply$6.apply(SparkSession.scala:927)[0m
[0m[[0m[31merror[0m] [0m[0m	at org.apache.spark.sql.SparkSession$Builder$$anonfun$7$$anonfun$apply$6.apply(SparkSession.scala:927)[0m
[0m[[0m[31merror[0m] [0m[0m	at scala.collection.mutable.HashMap$$anonfun$foreach$1.apply(HashMap.scala:130)[0m
[0m[[0m[31merror[0m] [0m[0m	at scala.collection.mutable.HashMap$$anonfun$foreach$1.apply(HashMap.scala:130)[0m
[0m[[0m[31merror[0m] [0m[0m	at scala.collection.mutable.HashTable$class.foreachEntry(HashTable.scala:236)[0m
[0m[[0m[31merror[0m] [0m[0m	at scala.collection.mutable.HashMap.foreachEntry(HashMap.scala:40)[0m
[0m[[0m[31merror[0m] [0m[0m	at scala.collection.mutable.HashMap.foreach(HashMap.scala:130)[0m
[0m[[0m[31merror[0m] [0m[0m	at org.apache.spark.sql.SparkSession$Builder$$anonfun$7.apply(SparkSession.scala:927)[0m
[0m[[0m[31merror[0m] [0m[0m	at org.apache.spark.sql.SparkSession$Builder$$anonfun$7.apply(SparkSession.scala:925)[0m
[0m[[0m[31merror[0m] [0m[0m	at scala.Option.getOrElse(Option.scala:121)[0m
[0m[[0m[31merror[0m] [0m[0m	at org.apache.spark.sql.SparkSession$Builder.getOrCreate(SparkSession.scala:925)[0m
[0m[[0m[31merror[0m] [0m[0m	at CorrectnessTests.beforeAll(CorrectnessTests.scala:14)[0m
[0m[[0m[31merror[0m] [0m[0m	at org.scalatest.BeforeAndAfterAll$class.liftedTree1$1(BeforeAndAfterAll.scala:212)[0m
[0m[[0m[31merror[0m] [0m[0m	at org.scalatest.BeforeAndAfterAll$class.run(BeforeAndAfterAll.scala:210)[0m
[0m[[0m[31merror[0m] [0m[0m	at CorrectnessTests.run(CorrectnessTests.scala:7)[0m
[0m[[0m[31merror[0m] [0m[0m	at org.scalatest.tools.Framework.org$scalatest$tools$Framework$$runSuite(Framework.scala:317)[0m
[0m[[0m[31merror[0m] [0m[0m	at org.scalatest.tools.Framework$ScalaTestTask.execute(Framework.scala:483)[0m
[0m[[0m[31merror[0m] [0m[0m	at sbt.TestRunner.runTest$1(TestFramework.scala:146)[0m
[0m[[0m[31merror[0m] [0m[0m	at sbt.TestRunner.run(TestFramework.scala:161)[0m
[0m[[0m[31merror[0m] [0m[0m	at sbt.TestFramework$$anon$3$$anonfun$$lessinit$greater$1.$anonfun$apply$1(TestFramework.scala:324)[0m
[0m[[0m[31merror[0m] [0m[0m	at sbt.TestFramework$.sbt$TestFramework$$withContextLoader(TestFramework.scala:284)[0m
[0m[[0m[31merror[0m] [0m[0m	at sbt.TestFramework$$anon$3$$anonfun$$lessinit$greater$1.apply(TestFramework.scala:324)[0m
[0m[[0m[31merror[0m] [0m[0m	at sbt.TestFramework$$anon$3$$anonfun$$lessinit$greater$1.apply(TestFramework.scala:324)[0m
[0m[[0m[31merror[0m] [0m[0m	at sbt.TestFunction.apply(TestFramework.scala:336)[0m
[0m[[0m[31merror[0m] [0m[0m	at sbt.Tests$.$anonfun$toTask$1(Tests.scala:435)[0m
[0m[[0m[31merror[0m] [0m[0m	at sbt.std.Transform$$anon$3.$anonfun$apply$2(Transform.scala:46)[0m
[0m[[0m[31merror[0m] [0m[0m	at sbt.std.Transform$$anon$4.work(Transform.scala:68)[0m
[0m[[0m[31merror[0m] [0m[0m	at sbt.Execute.$anonfun$submit$2(Execute.scala:282)[0m
[0m[[0m[31merror[0m] [0m[0m	at sbt.internal.util.ErrorHandling$.wideConvert(ErrorHandling.scala:23)[0m
[0m[[0m[31merror[0m] [0m[0m	at sbt.Execute.work(Execute.scala:291)[0m
[0m[[0m[31merror[0m] [0m[0m	at sbt.Execute.$anonfun$submit$1(Execute.scala:282)[0m
[0m[[0m[31merror[0m] [0m[0m	at sbt.ConcurrentRestrictions$$anon$4.$anonfun$submitValid$1(ConcurrentRestrictions.scala:265)[0m
[0m[[0m[31merror[0m] [0m[0m	at sbt.CompletionService$$anon$2.call(CompletionService.scala:64)[0m
[0m[[0m[31merror[0m] [0m[0m	at java.base/java.util.concurrent.FutureTask.run(FutureTask.java:264)[0m
[0m[[0m[31merror[0m] [0m[0m	at java.base/java.util.concurrent.Executors$RunnableAdapter.call(Executors.java:515)[0m
[0m[[0m[31merror[0m] [0m[0m	at java.base/java.util.concurrent.FutureTask.run(FutureTask.java:264)[0m
[0m[[0m[31merror[0m] [0m[0m	at java.base/java.util.concurrent.ThreadPoolExecutor.runWorker(ThreadPoolExecutor.java:1128)[0m
[0m[[0m[31merror[0m] [0m[0m	at java.base/java.util.concurrent.ThreadPoolExecutor$Worker.run(ThreadPoolExecutor.java:628)[0m
[0m[[0m[31merror[0m] [0m[0m	at java.base/java.lang.Thread.run(Thread.java:829)[0m
[0m[[0m[31merror[0m] [0m[0mCaused by: java.net.UnknownHostException: abiolas-xps: abiolas-xps: Name or service not known[0m
[0m[[0m[31merror[0m] [0m[0m	at java.base/java.net.InetAddress.getLocalHost(InetAddress.java:1646)[0m
[0m[[0m[31merror[0m] [0m[0m	at org.apache.spark.util.Utils$.findLocalInetAddress(Utils.scala:915)[0m
[0m[[0m[31merror[0m] [0m[0m	at org.apache.spark.util.Utils$.org$apache$spark$util$Utils$$localIpAddress$lzycompute(Utils.scala:908)[0m
[0m[[0m[31merror[0m] [0m[0m	at org.apache.spark.util.Utils$.org$apache$spark$util$Utils$$localIpAddress(Utils.scala:908)[0m
[0m[[0m[31merror[0m] [0m[0m	at org.apache.spark.util.Utils$$anonfun$localCanonicalHostName$1.apply(Utils.scala:965)[0m
[0m[[0m[31merror[0m] [0m[0m	at org.apache.spark.util.Utils$$anonfun$localCanonicalHostName$1.apply(Utils.scala:965)[0m
[0m[[0m[31merror[0m] [0m[0m	at scala.Option.getOrElse(Option.scala:121)[0m
[0m[[0m[31merror[0m] [0m[0m	at org.apache.spark.util.Utils$.localCanonicalHostName(Utils.scala:965)[0m
[0m[[0m[31merror[0m] [0m[0m	at org.apache.spark.internal.config.package$.<init>(package.scala:282)[0m
[0m[[0m[31merror[0m] [0m[0m	at org.apache.spark.internal.config.package$.<clinit>(package.scala)[0m
[0m[[0m[31merror[0m] [0m[0m	at org.apache.spark.SparkConf$.<init>(SparkConf.scala:668)[0m
[0m[[0m[31merror[0m] [0m[0m	at org.apache.spark.SparkConf$.<clinit>(SparkConf.scala)[0m
[0m[[0m[31merror[0m] [0m[0m	at org.apache.spark.SparkConf.set(SparkConf.scala:94)[0m
[0m[[0m[31merror[0m] [0m[0m	at org.apache.spark.SparkConf.set(SparkConf.scala:83)[0m
[0m[[0m[31merror[0m] [0m[0m	at org.apache.spark.sql.SparkSession$Builder$$anonfun$7$$anonfun$apply$6.apply(SparkSession.scala:927)[0m
[0m[[0m[31merror[0m] [0m[0m	at org.apache.spark.sql.SparkSession$Builder$$anonfun$7$$anonfun$apply$6.apply(SparkSession.scala:927)[0m
[0m[[0m[31merror[0m] [0m[0m	at scala.collection.mutable.HashMap$$anonfun$foreach$1.apply(HashMap.scala:130)[0m
[0m[[0m[31merror[0m] [0m[0m	at scala.collection.mutable.HashMap$$anonfun$foreach$1.apply(HashMap.scala:130)[0m
[0m[[0m[31merror[0m] [0m[0m	at scala.collection.mutable.HashTable$class.foreachEntry(HashTable.scala:236)[0m
[0m[[0m[31merror[0m] [0m[0m	at scala.collection.mutable.HashMap.foreachEntry(HashMap.scala:40)[0m
[0m[[0m[31merror[0m] [0m[0m	at scala.collection.mutable.HashMap.foreach(HashMap.scala:130)[0m
[0m[[0m[31merror[0m] [0m[0m	at org.apache.spark.sql.SparkSession$Builder$$anonfun$7.apply(SparkSession.scala:927)[0m
[0m[[0m[31merror[0m] [0m[0m	at org.apache.spark.sql.SparkSession$Builder$$anonfun$7.apply(SparkSession.scala:925)[0m
[0m[[0m[31merror[0m] [0m[0m	at scala.Option.getOrElse(Option.scala:121)[0m
[0m[[0m[31merror[0m] [0m[0m	at org.apache.spark.sql.SparkSession$Builder.getOrCreate(SparkSession.scala:925)[0m
[0m[[0m[31merror[0m] [0m[0m	at CorrectnessTests.beforeAll(CorrectnessTests.scala:14)[0m
[0m[[0m[31merror[0m] [0m[0m	at org.scalatest.BeforeAndAfterAll$class.liftedTree1$1(BeforeAndAfterAll.scala:212)[0m
[0m[[0m[31merror[0m] [0m[0m	at org.scalatest.BeforeAndAfterAll$class.run(BeforeAndAfterAll.scala:210)[0m
[0m[[0m[31merror[0m] [0m[0m	at CorrectnessTests.run(CorrectnessTests.scala:7)[0m
[0m[[0m[31merror[0m] [0m[0m	at org.scalatest.tools.Framework.org$scalatest$tools$Framework$$runSuite(Framework.scala:317)[0m
[0m[[0m[31merror[0m] [0m[0m	at org.scalatest.tools.Framework$ScalaTestTask.execute(Framework.scala:483)[0m
[0m[[0m[31merror[0m] [0m[0m	at sbt.TestRunner.runTest$1(TestFramework.scala:146)[0m
[0m[[0m[31merror[0m] [0m[0m	at sbt.TestRunner.run(TestFramework.scala:161)[0m
[0m[[0m[31merror[0m] [0m[0m	at sbt.TestFramework$$anon$3$$anonfun$$lessinit$greater$1.$anonfun$apply$1(TestFramework.scala:324)[0m
[0m[[0m[31merror[0m] [0m[0m	at sbt.TestFramework$.sbt$TestFramework$$withContextLoader(TestFramework.scala:284)[0m
[0m[[0m[31merror[0m] [0m[0m	at sbt.TestFramework$$anon$3$$anonfun$$lessinit$greater$1.apply(TestFramework.scala:324)[0m
[0m[[0m[31merror[0m] [0m[0m	at sbt.TestFramework$$anon$3$$anonfun$$lessinit$greater$1.apply(TestFramework.scala:324)[0m
[0m[[0m[31merror[0m] [0m[0m	at sbt.TestFunction.apply(TestFramework.scala:336)[0m
[0m[[0m[31merror[0m] [0m[0m	at sbt.Tests$.$anonfun$toTask$1(Tests.scala:435)[0m
[0m[[0m[31merror[0m] [0m[0m	at sbt.std.Transform$$anon$3.$anonfun$apply$2(Transform.scala:46)[0m
[0m[[0m[31merror[0m] [0m[0m	at sbt.std.Transform$$anon$4.work(Transform.scala:68)[0m
[0m[[0m[31merror[0m] [0m[0m	at sbt.Execute.$anonfun$submit$2(Execute.scala:282)[0m
[0m[[0m[31merror[0m] [0m[0m	at sbt.internal.util.ErrorHandling$.wideConvert(ErrorHandling.scala:23)[0m
[0m[[0m[31merror[0m] [0m[0m	at sbt.Execute.work(Execute.scala:291)[0m
[0m[[0m[31merror[0m] [0m[0m	at sbt.Execute.$anonfun$submit$1(Execute.scala:282)[0m
[0m[[0m[31merror[0m] [0m[0m	at sbt.ConcurrentRestrictions$$anon$4.$anonfun$submitValid$1(ConcurrentRestrictions.scala:265)[0m
[0m[[0m[31merror[0m] [0m[0m	at sbt.CompletionService$$anon$2.call(CompletionService.scala:64)[0m
[0m[[0m[31merror[0m] [0m[0m	at java.base/java.util.concurrent.FutureTask.run(FutureTask.java:264)[0m
[0m[[0m[31merror[0m] [0m[0m	at java.base/java.util.concurrent.Executors$RunnableAdapter.call(Executors.java:515)[0m
[0m[[0m[31merror[0m] [0m[0m	at java.base/java.util.concurrent.FutureTask.run(FutureTask.java:264)[0m
[0m[[0m[31merror[0m] [0m[0m	at java.base/java.util.concurrent.ThreadPoolExecutor.runWorker(ThreadPoolExecutor.java:1128)[0m
[0m[[0m[31merror[0m] [0m[0m	at java.base/java.util.concurrent.ThreadPoolExecutor$Worker.run(ThreadPoolExecutor.java:628)[0m
[0m[[0m[31merror[0m] [0m[0m	at java.base/java.lang.Thread.run(Thread.java:829)[0m
[0m[[0m[31merror[0m] [0m[0mCaused by: java.net.UnknownHostException: abiolas-xps: Name or service not known[0m
[0m[[0m[31merror[0m] [0m[0m	at java.base/java.net.Inet6AddressImpl.lookupAllHostAddr(Native Method)[0m
[0m[[0m[31merror[0m] [0m[0m	at java.base/java.net.InetAddress$PlatformNameService.lookupAllHostAddr(InetAddress.java:929)[0m
[0m[[0m[31merror[0m] [0m[0m	at java.base/java.net.InetAddress.getAddressesFromNameService(InetAddress.java:1519)[0m
[0m[[0m[31merror[0m] [0m[0m	at java.base/java.net.InetAddress$NameServiceAddresses.get(InetAddress.java:848)[0m
[0m[[0m[31merror[0m] [0m[0m	at java.base/java.net.InetAddress.getAllByName0(InetAddress.java:1509)[0m
[0m[[0m[31merror[0m] [0m[0m	at java.base/java.net.InetAddress.getLocalHost(InetAddress.java:1641)[0m
[0m[[0m[31merror[0m] [0m[0m	at org.apache.spark.util.Utils$.findLocalInetAddress(Utils.scala:915)[0m
[0m[[0m[31merror[0m] [0m[0m	at org.apache.spark.util.Utils$.org$apache$spark$util$Utils$$localIpAddress$lzycompute(Utils.scala:908)[0m
[0m[[0m[31merror[0m] [0m[0m	at org.apache.spark.util.Utils$.org$apache$spark$util$Utils$$localIpAddress(Utils.scala:908)[0m
[0m[[0m[31merror[0m] [0m[0m	at org.apache.spark.util.Utils$$anonfun$localCanonicalHostName$1.apply(Utils.scala:965)[0m
[0m[[0m[31merror[0m] [0m[0m	at org.apache.spark.util.Utils$$anonfun$localCanonicalHostName$1.apply(Utils.scala:965)[0m
[0m[[0m[31merror[0m] [0m[0m	at scala.Option.getOrElse(Option.scala:121)[0m
[0m[[0m[31merror[0m] [0m[0m	at org.apache.spark.util.Utils$.localCanonicalHostName(Utils.scala:965)[0m
[0m[[0m[31merror[0m] [0m[0m	at org.apache.spark.internal.config.package$.<init>(package.scala:282)[0m
[0m[[0m[31merror[0m] [0m[0m	at org.apache.spark.internal.config.package$.<clinit>(package.scala)[0m
[0m[[0m[31merror[0m] [0m[0m	at org.apache.spark.SparkConf$.<init>(SparkConf.scala:668)[0m
[0m[[0m[31merror[0m] [0m[0m	at org.apache.spark.SparkConf$.<clinit>(SparkConf.scala)[0m
[0m[[0m[31merror[0m] [0m[0m	at org.apache.spark.SparkConf.set(SparkConf.scala:94)[0m
[0m[[0m[31merror[0m] [0m[0m	at org.apache.spark.SparkConf.set(SparkConf.scala:83)[0m
[0m[[0m[31merror[0m] [0m[0m	at org.apache.spark.sql.SparkSession$Builder$$anonfun$7$$anonfun$apply$6.apply(SparkSession.scala:927)[0m
[0m[[0m[31merror[0m] [0m[0m	at org.apache.spark.sql.SparkSession$Builder$$anonfun$7$$anonfun$apply$6.apply(SparkSession.scala:927)[0m
[0m[[0m[31merror[0m] [0m[0m	at scala.collection.mutable.HashMap$$anonfun$foreach$1.apply(HashMap.scala:130)[0m
[0m[[0m[31merror[0m] [0m[0m	at scala.collection.mutable.HashMap$$anonfun$foreach$1.apply(HashMap.scala:130)[0m
[0m[[0m[31merror[0m] [0m[0m	at scala.collection.mutable.HashTable$class.foreachEntry(HashTable.scala:236)[0m
[0m[[0m[31merror[0m] [0m[0m	at scala.collection.mutable.HashMap.foreachEntry(HashMap.scala:40)[0m
[0m[[0m[31merror[0m] [0m[0m	at scala.collection.mutable.HashMap.foreach(HashMap.scala:130)[0m
[0m[[0m[31merror[0m] [0m[0m	at org.apache.spark.sql.SparkSession$Builder$$anonfun$7.apply(SparkSession.scala:927)[0m
[0m[[0m[31merror[0m] [0m[0m	at org.apache.spark.sql.SparkSession$Builder$$anonfun$7.apply(SparkSession.scala:925)[0m
[0m[[0m[31merror[0m] [0m[0m	at scala.Option.getOrElse(Option.scala:121)[0m
[0m[[0m[31merror[0m] [0m[0m	at org.apache.spark.sql.SparkSession$Builder.getOrCreate(SparkSession.scala:925)[0m
[0m[[0m[31merror[0m] [0m[0m	at CorrectnessTests.beforeAll(CorrectnessTests.scala:14)[0m
[0m[[0m[31merror[0m] [0m[0m	at org.scalatest.BeforeAndAfterAll$class.liftedTree1$1(BeforeAndAfterAll.scala:212)[0m
[0m[[0m[31merror[0m] [0m[0m	at org.scalatest.BeforeAndAfterAll$class.run(BeforeAndAfterAll.scala:210)[0m
[0m[[0m[31merror[0m] [0m[0m	at CorrectnessTests.run(CorrectnessTests.scala:7)[0m
[0m[[0m[31merror[0m] [0m[0m	at org.scalatest.tools.Framework.org$scalatest$tools$Framework$$runSuite(Framework.scala:317)[0m
[0m[[0m[31merror[0m] [0m[0m	at org.scalatest.tools.Framework$ScalaTestTask.execute(Framework.scala:483)[0m
[0m[[0m[31merror[0m] [0m[0m	at sbt.TestRunner.runTest$1(TestFramework.scala:146)[0m
[0m[[0m[31merror[0m] [0m[0m	at sbt.TestRunner.run(TestFramework.scala:161)[0m
[0m[[0m[31merror[0m] [0m[0m	at sbt.TestFramework$$anon$3$$anonfun$$lessinit$greater$1.$anonfun$apply$1(TestFramework.scala:324)[0m
[0m[[0m[31merror[0m] [0m[0m	at sbt.TestFramework$.sbt$TestFramework$$withContextLoader(TestFramework.scala:284)[0m
[0m[[0m[31merror[0m] [0m[0m	at sbt.TestFramework$$anon$3$$anonfun$$lessinit$greater$1.apply(TestFramework.scala:324)[0m
[0m[[0m[31merror[0m] [0m[0m	at sbt.TestFramework$$anon$3$$anonfun$$lessinit$greater$1.apply(TestFramework.scala:324)[0m
[0m[[0m[31merror[0m] [0m[0m	at sbt.TestFunction.apply(TestFramework.scala:336)[0m
[0m[[0m[31merror[0m] [0m[0m	at sbt.Tests$.$anonfun$toTask$1(Tests.scala:435)[0m
[0m[[0m[31merror[0m] [0m[0m	at sbt.std.Transform$$anon$3.$anonfun$apply$2(Transform.scala:46)[0m
[0m[[0m[31merror[0m] [0m[0m	at sbt.std.Transform$$anon$4.work(Transform.scala:68)[0m
[0m[[0m[31merror[0m] [0m[0m	at sbt.Execute.$anonfun$submit$2(Execute.scala:282)[0m
[0m[[0m[31merror[0m] [0m[0m	at sbt.internal.util.ErrorHandling$.wideConvert(ErrorHandling.scala:23)[0m
[0m[[0m[31merror[0m] [0m[0m	at sbt.Execute.work(Execute.scala:291)[0m
[0m[[0m[31merror[0m] [0m[0m	at sbt.Execute.$anonfun$submit$1(Execute.scala:282)[0m
[0m[[0m[31merror[0m] [0m[0m	at sbt.ConcurrentRestrictions$$anon$4.$anonfun$submitValid$1(ConcurrentRestrictions.scala:265)[0m
[0m[[0m[31merror[0m] [0m[0m	at sbt.CompletionService$$anon$2.call(CompletionService.scala:64)[0m
[0m[[0m[31merror[0m] [0m[0m	at java.base/java.util.concurrent.FutureTask.run(FutureTask.java:264)[0m
[0m[[0m[31merror[0m] [0m[0m	at java.base/java.util.concurrent.Executors$RunnableAdapter.call(Executors.java:515)[0m
[0m[[0m[31merror[0m] [0m[0m	at java.base/java.util.concurrent.FutureTask.run(FutureTask.java:264)[0m
[0m[[0m[31merror[0m] [0m[0m	at java.base/java.util.concurrent.ThreadPoolExecutor.runWorker(ThreadPoolExecutor.java:1128)[0m
[0m[[0m[31merror[0m] [0m[0m	at java.base/java.util.concurrent.ThreadPoolExecutor$Worker.run(ThreadPoolExecutor.java:628)[0m
[0m[[0m[31merror[0m] [0m[0m	at java.base/java.lang.Thread.run(Thread.java:829)[0m
[0m[[0m[31merror[0m] [0m[0m(Test / [31mexecuteTests[0m) java.lang.ExceptionInInitializerError[0m
